<?xml version="1.0" encoding="UTF-8"?>
<testsuite xmlns:xsi="http://www.w3.org/2001/XMLSchema-instance" xsi:noNamespaceSchemaLocation="https://maven.apache.org/surefire/maven-surefire-plugin/xsd/surefire-test-report-3.0.xsd" version="3.0" name="com.rollerspeed.rollerspeed.RollerspeedApplicationTests" time="2.972" tests="1" errors="0" skipped="0" failures="0">
  <properties>
    <property name="java.specification.version" value="21"/>
    <property name="sun.jnu.encoding" value="UTF-8"/>
    <property name="java.class.path" value="/home/darkdev/Documents/work-space/repos/pos-grado/mvc/RollerSpeeds/rollerspeed/target/test-classes:/home/darkdev/Documents/work-space/repos/pos-grado/mvc/RollerSpeeds/rollerspeed/target/classes:/home/darkdev/.m2/repository/org/springframework/boot/spring-boot-starter-web/3.3.8/spring-boot-starter-web-3.3.8.jar:/home/darkdev/.m2/repository/org/springframework/boot/spring-boot-starter/3.3.8/spring-boot-starter-3.3.8.jar:/home/darkdev/.m2/repository/org/springframework/boot/spring-boot-starter-logging/3.3.8/spring-boot-starter-logging-3.3.8.jar:/home/darkdev/.m2/repository/ch/qos/logback/logback-classic/1.5.16/logback-classic-1.5.16.jar:/home/darkdev/.m2/repository/ch/qos/logback/logback-core/1.5.16/logback-core-1.5.16.jar:/home/darkdev/.m2/repository/org/apache/logging/log4j/log4j-to-slf4j/2.23.1/log4j-to-slf4j-2.23.1.jar:/home/darkdev/.m2/repository/org/apache/logging/log4j/log4j-api/2.23.1/log4j-api-2.23.1.jar:/home/darkdev/.m2/repository/org/slf4j/jul-to-slf4j/2.0.16/jul-to-slf4j-2.0.16.jar:/home/darkdev/.m2/repository/jakarta/annotation/jakarta.annotation-api/2.1.1/jakarta.annotation-api-2.1.1.jar:/home/darkdev/.m2/repository/org/yaml/snakeyaml/2.2/snakeyaml-2.2.jar:/home/darkdev/.m2/repository/org/springframework/boot/spring-boot-starter-json/3.3.8/spring-boot-starter-json-3.3.8.jar:/home/darkdev/.m2/repository/com/fasterxml/jackson/core/jackson-databind/2.17.3/jackson-databind-2.17.3.jar:/home/darkdev/.m2/repository/com/fasterxml/jackson/core/jackson-annotations/2.17.3/jackson-annotations-2.17.3.jar:/home/darkdev/.m2/repository/com/fasterxml/jackson/core/jackson-core/2.17.3/jackson-core-2.17.3.jar:/home/darkdev/.m2/repository/com/fasterxml/jackson/datatype/jackson-datatype-jdk8/2.17.3/jackson-datatype-jdk8-2.17.3.jar:/home/darkdev/.m2/repository/com/fasterxml/jackson/datatype/jackson-datatype-jsr310/2.17.3/jackson-datatype-jsr310-2.17.3.jar:/home/darkdev/.m2/repository/com/fasterxml/jackson/module/jackson-module-parameter-names/2.17.3/jackson-module-parameter-names-2.17.3.jar:/home/darkdev/.m2/repository/org/springframework/boot/spring-boot-starter-tomcat/3.3.8/spring-boot-starter-tomcat-3.3.8.jar:/home/darkdev/.m2/repository/org/apache/tomcat/embed/tomcat-embed-core/10.1.34/tomcat-embed-core-10.1.34.jar:/home/darkdev/.m2/repository/org/apache/tomcat/embed/tomcat-embed-websocket/10.1.34/tomcat-embed-websocket-10.1.34.jar:/home/darkdev/.m2/repository/org/springframework/spring-web/6.1.16/spring-web-6.1.16.jar:/home/darkdev/.m2/repository/org/springframework/spring-beans/6.1.16/spring-beans-6.1.16.jar:/home/darkdev/.m2/repository/io/micrometer/micrometer-observation/1.13.10/micrometer-observation-1.13.10.jar:/home/darkdev/.m2/repository/io/micrometer/micrometer-commons/1.13.10/micrometer-commons-1.13.10.jar:/home/darkdev/.m2/repository/org/springframework/spring-webmvc/6.1.16/spring-webmvc-6.1.16.jar:/home/darkdev/.m2/repository/org/springframework/spring-aop/6.1.16/spring-aop-6.1.16.jar:/home/darkdev/.m2/repository/org/springframework/spring-context/6.1.16/spring-context-6.1.16.jar:/home/darkdev/.m2/repository/org/springframework/spring-expression/6.1.16/spring-expression-6.1.16.jar:/home/darkdev/.m2/repository/org/springframework/boot/spring-boot-starter-thymeleaf/3.3.8/spring-boot-starter-thymeleaf-3.3.8.jar:/home/darkdev/.m2/repository/org/thymeleaf/thymeleaf-spring6/3.1.3.RELEASE/thymeleaf-spring6-3.1.3.RELEASE.jar:/home/darkdev/.m2/repository/org/thymeleaf/thymeleaf/3.1.3.RELEASE/thymeleaf-3.1.3.RELEASE.jar:/home/darkdev/.m2/repository/org/attoparser/attoparser/2.0.7.RELEASE/attoparser-2.0.7.RELEASE.jar:/home/darkdev/.m2/repository/org/unbescape/unbescape/1.1.6.RELEASE/unbescape-1.1.6.RELEASE.jar:/home/darkdev/.m2/repository/org/slf4j/slf4j-api/2.0.16/slf4j-api-2.0.16.jar:/home/darkdev/.m2/repository/org/springframework/boot/spring-boot-starter-data-jpa/3.3.8/spring-boot-starter-data-jpa-3.3.8.jar:/home/darkdev/.m2/repository/org/springframework/boot/spring-boot-starter-aop/3.3.8/spring-boot-starter-aop-3.3.8.jar:/home/darkdev/.m2/repository/org/aspectj/aspectjweaver/1.9.22.1/aspectjweaver-1.9.22.1.jar:/home/darkdev/.m2/repository/org/springframework/boot/spring-boot-starter-jdbc/3.3.8/spring-boot-starter-jdbc-3.3.8.jar:/home/darkdev/.m2/repository/com/zaxxer/HikariCP/5.1.0/HikariCP-5.1.0.jar:/home/darkdev/.m2/repository/org/springframework/spring-jdbc/6.1.16/spring-jdbc-6.1.16.jar:/home/darkdev/.m2/repository/org/hibernate/orm/hibernate-core/6.5.3.Final/hibernate-core-6.5.3.Final.jar:/home/darkdev/.m2/repository/jakarta/persistence/jakarta.persistence-api/3.1.0/jakarta.persistence-api-3.1.0.jar:/home/darkdev/.m2/repository/jakarta/transaction/jakarta.transaction-api/2.0.1/jakarta.transaction-api-2.0.1.jar:/home/darkdev/.m2/repository/org/jboss/logging/jboss-logging/3.5.3.Final/jboss-logging-3.5.3.Final.jar:/home/darkdev/.m2/repository/org/hibernate/common/hibernate-commons-annotations/6.0.6.Final/hibernate-commons-annotations-6.0.6.Final.jar:/home/darkdev/.m2/repository/io/smallrye/jandex/3.1.2/jandex-3.1.2.jar:/home/darkdev/.m2/repository/com/fasterxml/classmate/1.7.0/classmate-1.7.0.jar:/home/darkdev/.m2/repository/net/bytebuddy/byte-buddy/1.14.19/byte-buddy-1.14.19.jar:/home/darkdev/.m2/repository/org/glassfish/jaxb/jaxb-runtime/4.0.5/jaxb-runtime-4.0.5.jar:/home/darkdev/.m2/repository/org/glassfish/jaxb/jaxb-core/4.0.5/jaxb-core-4.0.5.jar:/home/darkdev/.m2/repository/org/eclipse/angus/angus-activation/2.0.2/angus-activation-2.0.2.jar:/home/darkdev/.m2/repository/org/glassfish/jaxb/txw2/4.0.5/txw2-4.0.5.jar:/home/darkdev/.m2/repository/com/sun/istack/istack-commons-runtime/4.1.2/istack-commons-runtime-4.1.2.jar:/home/darkdev/.m2/repository/jakarta/inject/jakarta.inject-api/2.0.1/jakarta.inject-api-2.0.1.jar:/home/darkdev/.m2/repository/org/antlr/antlr4-runtime/4.13.0/antlr4-runtime-4.13.0.jar:/home/darkdev/.m2/repository/org/springframework/data/spring-data-jpa/3.3.8/spring-data-jpa-3.3.8.jar:/home/darkdev/.m2/repository/org/springframework/data/spring-data-commons/3.3.8/spring-data-commons-3.3.8.jar:/home/darkdev/.m2/repository/org/springframework/spring-orm/6.1.16/spring-orm-6.1.16.jar:/home/darkdev/.m2/repository/org/springframework/spring-tx/6.1.16/spring-tx-6.1.16.jar:/home/darkdev/.m2/repository/org/springframework/spring-aspects/6.1.16/spring-aspects-6.1.16.jar:/home/darkdev/.m2/repository/org/springframework/boot/spring-boot-starter-validation/3.3.8/spring-boot-starter-validation-3.3.8.jar:/home/darkdev/.m2/repository/org/apache/tomcat/embed/tomcat-embed-el/10.1.34/tomcat-embed-el-10.1.34.jar:/home/darkdev/.m2/repository/org/hibernate/validator/hibernate-validator/8.0.2.Final/hibernate-validator-8.0.2.Final.jar:/home/darkdev/.m2/repository/jakarta/validation/jakarta.validation-api/3.0.2/jakarta.validation-api-3.0.2.jar:/home/darkdev/.m2/repository/org/postgresql/postgresql/42.7.5/postgresql-42.7.5.jar:/home/darkdev/.m2/repository/org/checkerframework/checker-qual/3.48.3/checker-qual-3.48.3.jar:/home/darkdev/.m2/repository/org/springframework/boot/spring-boot-devtools/3.3.8/spring-boot-devtools-3.3.8.jar:/home/darkdev/.m2/repository/org/springframework/boot/spring-boot/3.3.8/spring-boot-3.3.8.jar:/home/darkdev/.m2/repository/org/springframework/boot/spring-boot-autoconfigure/3.3.8/spring-boot-autoconfigure-3.3.8.jar:/home/darkdev/.m2/repository/org/projectlombok/lombok/1.18.36/lombok-1.18.36.jar:/home/darkdev/.m2/repository/org/springframework/boot/spring-boot-starter-test/3.3.8/spring-boot-starter-test-3.3.8.jar:/home/darkdev/.m2/repository/org/springframework/boot/spring-boot-test/3.3.8/spring-boot-test-3.3.8.jar:/home/darkdev/.m2/repository/org/springframework/boot/spring-boot-test-autoconfigure/3.3.8/spring-boot-test-autoconfigure-3.3.8.jar:/home/darkdev/.m2/repository/com/jayway/jsonpath/json-path/2.9.0/json-path-2.9.0.jar:/home/darkdev/.m2/repository/jakarta/xml/bind/jakarta.xml.bind-api/4.0.2/jakarta.xml.bind-api-4.0.2.jar:/home/darkdev/.m2/repository/jakarta/activation/jakarta.activation-api/2.1.3/jakarta.activation-api-2.1.3.jar:/home/darkdev/.m2/repository/net/minidev/json-smart/2.5.1/json-smart-2.5.1.jar:/home/darkdev/.m2/repository/net/minidev/accessors-smart/2.5.1/accessors-smart-2.5.1.jar:/home/darkdev/.m2/repository/org/ow2/asm/asm/9.6/asm-9.6.jar:/home/darkdev/.m2/repository/org/assertj/assertj-core/3.25.3/assertj-core-3.25.3.jar:/home/darkdev/.m2/repository/org/awaitility/awaitility/4.2.2/awaitility-4.2.2.jar:/home/darkdev/.m2/repository/org/hamcrest/hamcrest/2.2/hamcrest-2.2.jar:/home/darkdev/.m2/repository/org/junit/jupiter/junit-jupiter/5.10.5/junit-jupiter-5.10.5.jar:/home/darkdev/.m2/repository/org/junit/jupiter/junit-jupiter-api/5.10.5/junit-jupiter-api-5.10.5.jar:/home/darkdev/.m2/repository/org/opentest4j/opentest4j/1.3.0/opentest4j-1.3.0.jar:/home/darkdev/.m2/repository/org/junit/platform/junit-platform-commons/1.10.5/junit-platform-commons-1.10.5.jar:/home/darkdev/.m2/repository/org/apiguardian/apiguardian-api/1.1.2/apiguardian-api-1.1.2.jar:/home/darkdev/.m2/repository/org/junit/jupiter/junit-jupiter-params/5.10.5/junit-jupiter-params-5.10.5.jar:/home/darkdev/.m2/repository/org/junit/jupiter/junit-jupiter-engine/5.10.5/junit-jupiter-engine-5.10.5.jar:/home/darkdev/.m2/repository/org/junit/platform/junit-platform-engine/1.10.5/junit-platform-engine-1.10.5.jar:/home/darkdev/.m2/repository/org/mockito/mockito-core/5.11.0/mockito-core-5.11.0.jar:/home/darkdev/.m2/repository/net/bytebuddy/byte-buddy-agent/1.14.19/byte-buddy-agent-1.14.19.jar:/home/darkdev/.m2/repository/org/objenesis/objenesis/3.3/objenesis-3.3.jar:/home/darkdev/.m2/repository/org/mockito/mockito-junit-jupiter/5.11.0/mockito-junit-jupiter-5.11.0.jar:/home/darkdev/.m2/repository/org/skyscreamer/jsonassert/1.5.3/jsonassert-1.5.3.jar:/home/darkdev/.m2/repository/com/vaadin/external/google/android-json/0.0.20131108.vaadin1/android-json-0.0.20131108.vaadin1.jar:/home/darkdev/.m2/repository/org/springframework/spring-core/6.1.16/spring-core-6.1.16.jar:/home/darkdev/.m2/repository/org/springframework/spring-jcl/6.1.16/spring-jcl-6.1.16.jar:/home/darkdev/.m2/repository/org/springframework/spring-test/6.1.16/spring-test-6.1.16.jar:/home/darkdev/.m2/repository/org/xmlunit/xmlunit-core/2.9.1/xmlunit-core-2.9.1.jar:"/>
    <property name="java.vm.vendor" value="Oracle Corporation"/>
    <property name="sun.arch.data.model" value="64"/>
    <property name="java.vendor.url" value="https://java.oracle.com/"/>
    <property name="user.timezone" value="Europe/London"/>
    <property name="org.jboss.logging.provider" value="slf4j"/>
    <property name="os.name" value="Linux"/>
    <property name="java.vm.specification.version" value="21"/>
    <property name="sun.java.launcher" value="SUN_STANDARD"/>
    <property name="user.country" value="GB"/>
    <property name="sun.boot.library.path" value="/home/darkdev/my-project/tools/jdk-21/lib"/>
    <property name="sun.java.command" value="/home/darkdev/Documents/work-space/repos/pos-grado/mvc/RollerSpeeds/rollerspeed/target/surefire/surefirebooter-20250225010235933_3.jar /home/darkdev/Documents/work-space/repos/pos-grado/mvc/RollerSpeeds/rollerspeed/target/surefire 2025-02-25T01-02-35_861-jvmRun1 surefire-20250225010235933_1tmp surefire_0-20250225010235933_2tmp"/>
    <property name="jdk.debug" value="release"/>
    <property name="surefire.test.class.path" value="/home/darkdev/Documents/work-space/repos/pos-grado/mvc/RollerSpeeds/rollerspeed/target/test-classes:/home/darkdev/Documents/work-space/repos/pos-grado/mvc/RollerSpeeds/rollerspeed/target/classes:/home/darkdev/.m2/repository/org/springframework/boot/spring-boot-starter-web/3.3.8/spring-boot-starter-web-3.3.8.jar:/home/darkdev/.m2/repository/org/springframework/boot/spring-boot-starter/3.3.8/spring-boot-starter-3.3.8.jar:/home/darkdev/.m2/repository/org/springframework/boot/spring-boot-starter-logging/3.3.8/spring-boot-starter-logging-3.3.8.jar:/home/darkdev/.m2/repository/ch/qos/logback/logback-classic/1.5.16/logback-classic-1.5.16.jar:/home/darkdev/.m2/repository/ch/qos/logback/logback-core/1.5.16/logback-core-1.5.16.jar:/home/darkdev/.m2/repository/org/apache/logging/log4j/log4j-to-slf4j/2.23.1/log4j-to-slf4j-2.23.1.jar:/home/darkdev/.m2/repository/org/apache/logging/log4j/log4j-api/2.23.1/log4j-api-2.23.1.jar:/home/darkdev/.m2/repository/org/slf4j/jul-to-slf4j/2.0.16/jul-to-slf4j-2.0.16.jar:/home/darkdev/.m2/repository/jakarta/annotation/jakarta.annotation-api/2.1.1/jakarta.annotation-api-2.1.1.jar:/home/darkdev/.m2/repository/org/yaml/snakeyaml/2.2/snakeyaml-2.2.jar:/home/darkdev/.m2/repository/org/springframework/boot/spring-boot-starter-json/3.3.8/spring-boot-starter-json-3.3.8.jar:/home/darkdev/.m2/repository/com/fasterxml/jackson/core/jackson-databind/2.17.3/jackson-databind-2.17.3.jar:/home/darkdev/.m2/repository/com/fasterxml/jackson/core/jackson-annotations/2.17.3/jackson-annotations-2.17.3.jar:/home/darkdev/.m2/repository/com/fasterxml/jackson/core/jackson-core/2.17.3/jackson-core-2.17.3.jar:/home/darkdev/.m2/repository/com/fasterxml/jackson/datatype/jackson-datatype-jdk8/2.17.3/jackson-datatype-jdk8-2.17.3.jar:/home/darkdev/.m2/repository/com/fasterxml/jackson/datatype/jackson-datatype-jsr310/2.17.3/jackson-datatype-jsr310-2.17.3.jar:/home/darkdev/.m2/repository/com/fasterxml/jackson/module/jackson-module-parameter-names/2.17.3/jackson-module-parameter-names-2.17.3.jar:/home/darkdev/.m2/repository/org/springframework/boot/spring-boot-starter-tomcat/3.3.8/spring-boot-starter-tomcat-3.3.8.jar:/home/darkdev/.m2/repository/org/apache/tomcat/embed/tomcat-embed-core/10.1.34/tomcat-embed-core-10.1.34.jar:/home/darkdev/.m2/repository/org/apache/tomcat/embed/tomcat-embed-websocket/10.1.34/tomcat-embed-websocket-10.1.34.jar:/home/darkdev/.m2/repository/org/springframework/spring-web/6.1.16/spring-web-6.1.16.jar:/home/darkdev/.m2/repository/org/springframework/spring-beans/6.1.16/spring-beans-6.1.16.jar:/home/darkdev/.m2/repository/io/micrometer/micrometer-observation/1.13.10/micrometer-observation-1.13.10.jar:/home/darkdev/.m2/repository/io/micrometer/micrometer-commons/1.13.10/micrometer-commons-1.13.10.jar:/home/darkdev/.m2/repository/org/springframework/spring-webmvc/6.1.16/spring-webmvc-6.1.16.jar:/home/darkdev/.m2/repository/org/springframework/spring-aop/6.1.16/spring-aop-6.1.16.jar:/home/darkdev/.m2/repository/org/springframework/spring-context/6.1.16/spring-context-6.1.16.jar:/home/darkdev/.m2/repository/org/springframework/spring-expression/6.1.16/spring-expression-6.1.16.jar:/home/darkdev/.m2/repository/org/springframework/boot/spring-boot-starter-thymeleaf/3.3.8/spring-boot-starter-thymeleaf-3.3.8.jar:/home/darkdev/.m2/repository/org/thymeleaf/thymeleaf-spring6/3.1.3.RELEASE/thymeleaf-spring6-3.1.3.RELEASE.jar:/home/darkdev/.m2/repository/org/thymeleaf/thymeleaf/3.1.3.RELEASE/thymeleaf-3.1.3.RELEASE.jar:/home/darkdev/.m2/repository/org/attoparser/attoparser/2.0.7.RELEASE/attoparser-2.0.7.RELEASE.jar:/home/darkdev/.m2/repository/org/unbescape/unbescape/1.1.6.RELEASE/unbescape-1.1.6.RELEASE.jar:/home/darkdev/.m2/repository/org/slf4j/slf4j-api/2.0.16/slf4j-api-2.0.16.jar:/home/darkdev/.m2/repository/org/springframework/boot/spring-boot-starter-data-jpa/3.3.8/spring-boot-starter-data-jpa-3.3.8.jar:/home/darkdev/.m2/repository/org/springframework/boot/spring-boot-starter-aop/3.3.8/spring-boot-starter-aop-3.3.8.jar:/home/darkdev/.m2/repository/org/aspectj/aspectjweaver/1.9.22.1/aspectjweaver-1.9.22.1.jar:/home/darkdev/.m2/repository/org/springframework/boot/spring-boot-starter-jdbc/3.3.8/spring-boot-starter-jdbc-3.3.8.jar:/home/darkdev/.m2/repository/com/zaxxer/HikariCP/5.1.0/HikariCP-5.1.0.jar:/home/darkdev/.m2/repository/org/springframework/spring-jdbc/6.1.16/spring-jdbc-6.1.16.jar:/home/darkdev/.m2/repository/org/hibernate/orm/hibernate-core/6.5.3.Final/hibernate-core-6.5.3.Final.jar:/home/darkdev/.m2/repository/jakarta/persistence/jakarta.persistence-api/3.1.0/jakarta.persistence-api-3.1.0.jar:/home/darkdev/.m2/repository/jakarta/transaction/jakarta.transaction-api/2.0.1/jakarta.transaction-api-2.0.1.jar:/home/darkdev/.m2/repository/org/jboss/logging/jboss-logging/3.5.3.Final/jboss-logging-3.5.3.Final.jar:/home/darkdev/.m2/repository/org/hibernate/common/hibernate-commons-annotations/6.0.6.Final/hibernate-commons-annotations-6.0.6.Final.jar:/home/darkdev/.m2/repository/io/smallrye/jandex/3.1.2/jandex-3.1.2.jar:/home/darkdev/.m2/repository/com/fasterxml/classmate/1.7.0/classmate-1.7.0.jar:/home/darkdev/.m2/repository/net/bytebuddy/byte-buddy/1.14.19/byte-buddy-1.14.19.jar:/home/darkdev/.m2/repository/org/glassfish/jaxb/jaxb-runtime/4.0.5/jaxb-runtime-4.0.5.jar:/home/darkdev/.m2/repository/org/glassfish/jaxb/jaxb-core/4.0.5/jaxb-core-4.0.5.jar:/home/darkdev/.m2/repository/org/eclipse/angus/angus-activation/2.0.2/angus-activation-2.0.2.jar:/home/darkdev/.m2/repository/org/glassfish/jaxb/txw2/4.0.5/txw2-4.0.5.jar:/home/darkdev/.m2/repository/com/sun/istack/istack-commons-runtime/4.1.2/istack-commons-runtime-4.1.2.jar:/home/darkdev/.m2/repository/jakarta/inject/jakarta.inject-api/2.0.1/jakarta.inject-api-2.0.1.jar:/home/darkdev/.m2/repository/org/antlr/antlr4-runtime/4.13.0/antlr4-runtime-4.13.0.jar:/home/darkdev/.m2/repository/org/springframework/data/spring-data-jpa/3.3.8/spring-data-jpa-3.3.8.jar:/home/darkdev/.m2/repository/org/springframework/data/spring-data-commons/3.3.8/spring-data-commons-3.3.8.jar:/home/darkdev/.m2/repository/org/springframework/spring-orm/6.1.16/spring-orm-6.1.16.jar:/home/darkdev/.m2/repository/org/springframework/spring-tx/6.1.16/spring-tx-6.1.16.jar:/home/darkdev/.m2/repository/org/springframework/spring-aspects/6.1.16/spring-aspects-6.1.16.jar:/home/darkdev/.m2/repository/org/springframework/boot/spring-boot-starter-validation/3.3.8/spring-boot-starter-validation-3.3.8.jar:/home/darkdev/.m2/repository/org/apache/tomcat/embed/tomcat-embed-el/10.1.34/tomcat-embed-el-10.1.34.jar:/home/darkdev/.m2/repository/org/hibernate/validator/hibernate-validator/8.0.2.Final/hibernate-validator-8.0.2.Final.jar:/home/darkdev/.m2/repository/jakarta/validation/jakarta.validation-api/3.0.2/jakarta.validation-api-3.0.2.jar:/home/darkdev/.m2/repository/org/postgresql/postgresql/42.7.5/postgresql-42.7.5.jar:/home/darkdev/.m2/repository/org/checkerframework/checker-qual/3.48.3/checker-qual-3.48.3.jar:/home/darkdev/.m2/repository/org/springframework/boot/spring-boot-devtools/3.3.8/spring-boot-devtools-3.3.8.jar:/home/darkdev/.m2/repository/org/springframework/boot/spring-boot/3.3.8/spring-boot-3.3.8.jar:/home/darkdev/.m2/repository/org/springframework/boot/spring-boot-autoconfigure/3.3.8/spring-boot-autoconfigure-3.3.8.jar:/home/darkdev/.m2/repository/org/projectlombok/lombok/1.18.36/lombok-1.18.36.jar:/home/darkdev/.m2/repository/org/springframework/boot/spring-boot-starter-test/3.3.8/spring-boot-starter-test-3.3.8.jar:/home/darkdev/.m2/repository/org/springframework/boot/spring-boot-test/3.3.8/spring-boot-test-3.3.8.jar:/home/darkdev/.m2/repository/org/springframework/boot/spring-boot-test-autoconfigure/3.3.8/spring-boot-test-autoconfigure-3.3.8.jar:/home/darkdev/.m2/repository/com/jayway/jsonpath/json-path/2.9.0/json-path-2.9.0.jar:/home/darkdev/.m2/repository/jakarta/xml/bind/jakarta.xml.bind-api/4.0.2/jakarta.xml.bind-api-4.0.2.jar:/home/darkdev/.m2/repository/jakarta/activation/jakarta.activation-api/2.1.3/jakarta.activation-api-2.1.3.jar:/home/darkdev/.m2/repository/net/minidev/json-smart/2.5.1/json-smart-2.5.1.jar:/home/darkdev/.m2/repository/net/minidev/accessors-smart/2.5.1/accessors-smart-2.5.1.jar:/home/darkdev/.m2/repository/org/ow2/asm/asm/9.6/asm-9.6.jar:/home/darkdev/.m2/repository/org/assertj/assertj-core/3.25.3/assertj-core-3.25.3.jar:/home/darkdev/.m2/repository/org/awaitility/awaitility/4.2.2/awaitility-4.2.2.jar:/home/darkdev/.m2/repository/org/hamcrest/hamcrest/2.2/hamcrest-2.2.jar:/home/darkdev/.m2/repository/org/junit/jupiter/junit-jupiter/5.10.5/junit-jupiter-5.10.5.jar:/home/darkdev/.m2/repository/org/junit/jupiter/junit-jupiter-api/5.10.5/junit-jupiter-api-5.10.5.jar:/home/darkdev/.m2/repository/org/opentest4j/opentest4j/1.3.0/opentest4j-1.3.0.jar:/home/darkdev/.m2/repository/org/junit/platform/junit-platform-commons/1.10.5/junit-platform-commons-1.10.5.jar:/home/darkdev/.m2/repository/org/apiguardian/apiguardian-api/1.1.2/apiguardian-api-1.1.2.jar:/home/darkdev/.m2/repository/org/junit/jupiter/junit-jupiter-params/5.10.5/junit-jupiter-params-5.10.5.jar:/home/darkdev/.m2/repository/org/junit/jupiter/junit-jupiter-engine/5.10.5/junit-jupiter-engine-5.10.5.jar:/home/darkdev/.m2/repository/org/junit/platform/junit-platform-engine/1.10.5/junit-platform-engine-1.10.5.jar:/home/darkdev/.m2/repository/org/mockito/mockito-core/5.11.0/mockito-core-5.11.0.jar:/home/darkdev/.m2/repository/net/bytebuddy/byte-buddy-agent/1.14.19/byte-buddy-agent-1.14.19.jar:/home/darkdev/.m2/repository/org/objenesis/objenesis/3.3/objenesis-3.3.jar:/home/darkdev/.m2/repository/org/mockito/mockito-junit-jupiter/5.11.0/mockito-junit-jupiter-5.11.0.jar:/home/darkdev/.m2/repository/org/skyscreamer/jsonassert/1.5.3/jsonassert-1.5.3.jar:/home/darkdev/.m2/repository/com/vaadin/external/google/android-json/0.0.20131108.vaadin1/android-json-0.0.20131108.vaadin1.jar:/home/darkdev/.m2/repository/org/springframework/spring-core/6.1.16/spring-core-6.1.16.jar:/home/darkdev/.m2/repository/org/springframework/spring-jcl/6.1.16/spring-jcl-6.1.16.jar:/home/darkdev/.m2/repository/org/springframework/spring-test/6.1.16/spring-test-6.1.16.jar:/home/darkdev/.m2/repository/org/xmlunit/xmlunit-core/2.9.1/xmlunit-core-2.9.1.jar:"/>
    <property name="sun.cpu.endian" value="little"/>
    <property name="user.home" value="/home/darkdev"/>
    <property name="user.language" value="en"/>
    <property name="java.specification.vendor" value="Oracle Corporation"/>
    <property name="java.version.date" value="2023-09-19"/>
    <property name="java.home" value="/home/darkdev/my-project/tools/jdk-21"/>
    <property name="file.separator" value="/"/>
    <property name="basedir" value="/home/darkdev/Documents/work-space/repos/pos-grado/mvc/RollerSpeeds/rollerspeed"/>
    <property name="java.vm.compressedOopsMode" value="Zero based"/>
    <property name="line.separator" value="&#10;"/>
    <property name="java.vm.specification.vendor" value="Oracle Corporation"/>
    <property name="java.specification.name" value="Java Platform API Specification"/>
    <property name="FILE_LOG_CHARSET" value="UTF-8"/>
    <property name="java.awt.headless" value="true"/>
    <property name="surefire.real.class.path" value="/home/darkdev/Documents/work-space/repos/pos-grado/mvc/RollerSpeeds/rollerspeed/target/surefire/surefirebooter-20250225010235933_3.jar"/>
    <property name="sun.management.compiler" value="HotSpot 64-Bit Tiered Compilers"/>
    <property name="java.runtime.version" value="21+35-2513"/>
    <property name="user.name" value="darkdev"/>
    <property name="stdout.encoding" value="UTF-8"/>
    <property name="path.separator" value=":"/>
    <property name="os.version" value="6.12.9+bpo-amd64"/>
    <property name="java.runtime.name" value="OpenJDK Runtime Environment"/>
    <property name="file.encoding" value="UTF-8"/>
    <property name="java.vm.name" value="OpenJDK 64-Bit Server VM"/>
    <property name="localRepository" value="/home/darkdev/.m2/repository"/>
    <property name="java.vendor.url.bug" value="https://bugreport.java.com/bugreport/"/>
    <property name="java.io.tmpdir" value="/tmp"/>
    <property name="com.zaxxer.hikari.pool_number" value="1"/>
    <property name="java.version" value="21"/>
    <property name="user.dir" value="/home/darkdev/Documents/work-space/repos/pos-grado/mvc/RollerSpeeds/rollerspeed"/>
    <property name="os.arch" value="amd64"/>
    <property name="java.vm.specification.name" value="Java Virtual Machine Specification"/>
    <property name="PID" value="15375"/>
    <property name="CONSOLE_LOG_CHARSET" value="UTF-8"/>
    <property name="native.encoding" value="UTF-8"/>
    <property name="java.library.path" value="/usr/java/packages/lib:/usr/lib64:/lib64:/lib:/usr/lib"/>
    <property name="java.vm.info" value="mixed mode, sharing"/>
    <property name="stderr.encoding" value="UTF-8"/>
    <property name="java.vendor" value="Oracle Corporation"/>
    <property name="java.vm.version" value="21+35-2513"/>
    <property name="sun.io.unicode.encoding" value="UnicodeLittle"/>
    <property name="java.class.version" value="65.0"/>
    <property name="LOGGED_APPLICATION_NAME" value="[rollerspeed-local] "/>
  </properties>
  <testcase name="contextLoads" classname="com.rollerspeed.rollerspeed.RollerspeedApplicationTests" time="0.571">
    <system-out><![CDATA[01:02:36.403 [main] INFO org.springframework.test.context.support.AnnotationConfigContextLoaderUtils -- Could not detect default configuration classes for test class [com.rollerspeed.rollerspeed.RollerspeedApplicationTests]: RollerspeedApplicationTests does not declare any static, non-private, non-final, nested classes annotated with @Configuration.
01:02:36.474 [main] INFO org.springframework.boot.test.context.SpringBootTestContextBootstrapper -- Found @SpringBootConfiguration com.rollerspeed.rollerspeed.RollerspeedApplication for test class com.rollerspeed.rollerspeed.RollerspeedApplicationTests
01:02:36.594 [main] INFO org.springframework.boot.devtools.restart.RestartApplicationListener -- Restart disabled due to context in which it is running

  .   ____          _            __ _ _
 /\\ / ___'_ __ _ _(_)_ __  __ _ \ \ \ \
( ( )\___ | '_ | '_| | '_ \/ _` | \ \ \ \
 \\/  ___)| |_)| | | | | || (_| |  ) ) ) )
  '  |____| .__|_| |_|_| |_\__, | / / / /
 =========|_|==============|___/=/_/_/_/

 :: Spring Boot ::                (v3.3.8)

2025-02-25T01:02:36.818Z  INFO 15375 --- [rollerspeed-local] [           main] c.r.r.RollerspeedApplicationTests        : Starting RollerspeedApplicationTests using Java 21 with PID 15375 (started by darkdev in /home/darkdev/Documents/work-space/repos/pos-grado/mvc/RollerSpeeds/rollerspeed)
2025-02-25T01:02:36.819Z  INFO 15375 --- [rollerspeed-local] [           main] c.r.r.RollerspeedApplicationTests        : The following 1 profile is active: "local"
2025-02-25T01:02:37.208Z  INFO 15375 --- [rollerspeed-local] [           main] .s.d.r.c.RepositoryConfigurationDelegate : Bootstrapping Spring Data JPA repositories in DEFAULT mode.
2025-02-25T01:02:37.221Z  INFO 15375 --- [rollerspeed-local] [           main] .s.d.r.c.RepositoryConfigurationDelegate : Finished Spring Data repository scanning in 9 ms. Found 0 JPA repository interfaces.
2025-02-25T01:02:37.487Z  INFO 15375 --- [rollerspeed-local] [           main] com.zaxxer.hikari.HikariDataSource       : HikariPool-1 - Starting...
2025-02-25T01:02:37.606Z  INFO 15375 --- [rollerspeed-local] [           main] com.zaxxer.hikari.pool.HikariPool        : HikariPool-1 - Added connection org.postgresql.jdbc.PgConnection@b791a81
2025-02-25T01:02:37.607Z  INFO 15375 --- [rollerspeed-local] [           main] com.zaxxer.hikari.HikariDataSource       : HikariPool-1 - Start completed.
2025-02-25T01:02:37.637Z  INFO 15375 --- [rollerspeed-local] [           main] o.hibernate.jpa.internal.util.LogHelper  : HHH000204: Processing PersistenceUnitInfo [name: default]
2025-02-25T01:02:37.671Z  INFO 15375 --- [rollerspeed-local] [           main] org.hibernate.Version                    : HHH000412: Hibernate ORM core version 6.5.3.Final
2025-02-25T01:02:37.685Z  INFO 15375 --- [rollerspeed-local] [           main] o.h.c.internal.RegionFactoryInitiator    : HHH000026: Second-level cache disabled
2025-02-25T01:02:37.824Z  INFO 15375 --- [rollerspeed-local] [           main] o.s.o.j.p.SpringPersistenceUnitInfo      : No LoadTimeWeaver setup: ignoring JPA class transformer
2025-02-25T01:02:38.113Z  INFO 15375 --- [rollerspeed-local] [           main] o.h.e.t.j.p.i.JtaPlatformInitiator       : HHH000489: No JTA platform available (set 'hibernate.transaction.jta.platform' to enable JTA platform integration)
2025-02-25T01:02:38.118Z  INFO 15375 --- [rollerspeed-local] [           main] j.LocalContainerEntityManagerFactoryBean : Initialized JPA EntityManagerFactory for persistence unit 'default'
2025-02-25T01:02:38.267Z  WARN 15375 --- [rollerspeed-local] [           main] JpaBaseConfiguration$JpaWebConfiguration : spring.jpa.open-in-view is enabled by default. Therefore, database queries may be performed during view rendering. Explicitly configure spring.jpa.open-in-view to disable this warning
2025-02-25T01:02:38.290Z  INFO 15375 --- [rollerspeed-local] [           main] o.s.b.a.w.s.WelcomePageHandlerMapping    : Adding welcome page template: index
2025-02-25T01:02:38.673Z  INFO 15375 --- [rollerspeed-local] [           main] c.r.r.RollerspeedApplicationTests        : Started RollerspeedApplicationTests in 2.094 seconds (process running for 2.69)
]]></system-out>
    <system-err><![CDATA[WARNING: A Java agent has been loaded dynamically (/home/darkdev/.m2/repository/net/bytebuddy/byte-buddy-agent/1.14.19/byte-buddy-agent-1.14.19.jar)
WARNING: If a serviceability tool is in use, please run with -XX:+EnableDynamicAgentLoading to hide this warning
WARNING: If a serviceability tool is not in use, please run with -Djdk.instrument.traceUsage for more information
WARNING: Dynamic loading of agents will be disallowed by default in a future release
]]></system-err>
  </testcase>
</testsuite>